2022-03-03 11:44:37,839 DEBUG: Starting new HTTPS connection (1): www.metacritic.com:443
2022-03-03 11:44:38,244 DEBUG: https://www.metacritic.com:443 "GET /bad_link_for_testing HTTP/1.1" 404 14106
2022-03-03 11:44:38,321 CRITICAL: https://www.metacritic.com/bad_link_for_testing was not requested successfully. Exiting program.
2022-03-03 11:44:38,321 DEBUG: Caught the exception when using the link in use_requests() https://www.metacritic.com/bad_link_for_testing
2022-03-03 11:44:38,323 DEBUG: Starting new HTTPS connection (1): www.metacritic.com:443
2022-03-03 11:44:38,540 DEBUG: https://www.metacritic.com:443 "GET / HTTP/1.1" 200 22234
2022-03-03 11:44:38,554 INFO: https://www.metacritic.com/ was requested successfully.
2022-03-03 11:44:38,644 DEBUG: https://www.metacritic.com/ was requested successfully.
2022-03-03 11:44:38,646 DEBUG: Starting new HTTPS connection (1): www.metacritic.com:443
2022-03-03 11:44:38,873 DEBUG: https://www.metacritic.com:443 "GET /browse/albums/score/metascore/all?sort=desc HTTP/1.1" 200 40153
2022-03-03 11:44:38,907 INFO: https://www.metacritic.com/browse/albums/score/metascore/all?sort=desc was requested successfully.
2022-03-03 11:44:39,206 DEBUG: Starting new HTTPS connection (1): www.metacritic.com:443
2022-03-03 11:44:39,420 DEBUG: https://www.metacritic.com:443 "GET /music/ten-freedom-summers/wadada-leo-smith HTTP/1.1" 200 25604
2022-03-03 11:44:39,433 INFO: https://www.metacritic.com/music/ten-freedom-summers/wadada-leo-smith was requested successfully.
2022-03-03 11:44:39,546 DEBUG: Starting new HTTPS connection (1): www.metacritic.com:443
2022-03-03 11:44:39,773 DEBUG: https://www.metacritic.com:443 "GET /music/fetch-the-bolt-cutters/fiona-apple HTTP/1.1" 200 26555
2022-03-03 11:44:39,787 INFO: https://www.metacritic.com/music/fetch-the-bolt-cutters/fiona-apple was requested successfully.
2022-03-03 11:44:39,922 DEBUG: Starting new HTTPS connection (1): www.metacritic.com:443
2022-03-03 11:44:40,137 DEBUG: https://www.metacritic.com:443 "GET /music/smile/brian-wilson HTTP/1.1" 200 25642
2022-03-03 11:44:40,156 INFO: https://www.metacritic.com/music/smile/brian-wilson was requested successfully.
2022-03-03 11:44:40,267 WARNING: There was no Amazon link found on https://www.metacritic.com/music/smile/brian-wilson. Added an empty cell instead.
2022-03-03 11:44:40,268 DEBUG: Starting new HTTPS connection (1): www.metacritic.com:443
2022-03-03 11:44:40,487 DEBUG: https://www.metacritic.com:443 "GET /music/van-lear-rose/loretta-lynn HTTP/1.1" 200 25702
2022-03-03 11:44:40,506 INFO: https://www.metacritic.com/music/van-lear-rose/loretta-lynn was requested successfully.
2022-03-03 11:44:40,621 WARNING: There was no Amazon link found on https://www.metacritic.com/music/van-lear-rose/loretta-lynn. Added an empty cell instead.
2022-03-03 11:44:40,622 DEBUG: Starting new HTTPS connection (1): www.metacritic.com:443
2022-03-03 11:44:40,835 DEBUG: https://www.metacritic.com:443 "GET /music/to-pimp-a-butterfly/kendrick-lamar HTTP/1.1" 200 29648
2022-03-03 11:44:40,856 INFO: https://www.metacritic.com/music/to-pimp-a-butterfly/kendrick-lamar was requested successfully.
2022-03-03 11:44:40,976 DEBUG: Starting new HTTPS connection (1): www.metacritic.com:443
2022-03-03 11:44:41,196 DEBUG: https://www.metacritic.com:443 "GET /music/ghosteen/nick-cave-the-bad-seeds HTTP/1.1" 200 26361
2022-03-03 11:44:41,216 INFO: https://www.metacritic.com/music/ghosteen/nick-cave-the-bad-seeds was requested successfully.
2022-03-03 11:44:41,328 DEBUG: Starting new HTTPS connection (1): www.metacritic.com:443
2022-03-03 11:44:41,545 DEBUG: https://www.metacritic.com:443 "GET /music/histoire-de-melody-nelson/serge-gainsbourg HTTP/1.1" 200 24669
2022-03-03 11:44:41,561 INFO: https://www.metacritic.com/music/histoire-de-melody-nelson/serge-gainsbourg was requested successfully.
2022-03-03 11:44:41,669 WARNING: There was no Amazon link found on https://www.metacritic.com/music/histoire-de-melody-nelson/serge-gainsbourg. Added an empty cell instead.
2022-03-03 11:44:41,670 DEBUG: Starting new HTTPS connection (1): www.metacritic.com:443
2022-03-03 11:44:41,888 DEBUG: https://www.metacritic.com:443 "GET /music/damn/kendrick-lamar HTTP/1.1" 200 30328
2022-03-03 11:44:41,909 INFO: https://www.metacritic.com/music/damn/kendrick-lamar was requested successfully.
2022-03-03 11:44:42,072 DEBUG: Starting new HTTPS connection (1): www.metacritic.com:443
2022-03-03 11:44:42,286 DEBUG: https://www.metacritic.com:443 "GET /music/stankonia/outkast HTTP/1.1" 200 26245
2022-03-03 11:44:42,305 INFO: https://www.metacritic.com/music/stankonia/outkast was requested successfully.
2022-03-03 11:44:42,420 WARNING: There was no Amazon link found on https://www.metacritic.com/music/stankonia/outkast. Added an empty cell instead.
2022-03-03 11:44:42,422 DEBUG: Starting new HTTPS connection (1): www.metacritic.com:443
2022-03-03 11:44:42,629 DEBUG: https://www.metacritic.com:443 "GET /music/rough-and-rowdy-ways/bob-dylan HTTP/1.1" 200 28360
2022-03-03 11:44:42,649 INFO: https://www.metacritic.com/music/rough-and-rowdy-ways/bob-dylan was requested successfully.
2022-03-03 11:44:42,767 DEBUG: Starting new HTTPS connection (1): www.metacritic.com:443
2022-03-03 11:44:43,089 DEBUG: https://www.metacritic.com:443 "GET /music/black-messiah/dangelo HTTP/1.1" 200 26672
2022-03-03 11:44:43,102 INFO: https://www.metacritic.com/music/black-messiah/dangelo was requested successfully.
2022-03-03 11:44:43,217 WARNING: There was no Amazon link found on https://www.metacritic.com/music/black-messiah/dangelo. Added an empty cell instead.
2022-03-03 11:44:43,218 DEBUG: Starting new HTTPS connection (1): www.metacritic.com:443
2022-03-03 11:44:43,428 DEBUG: https://www.metacritic.com:443 "GET /music/conflict-of-interest/ghetts HTTP/1.1" 200 26028
2022-03-03 11:44:43,446 INFO: https://www.metacritic.com/music/conflict-of-interest/ghetts was requested successfully.
2022-03-03 11:44:43,568 DEBUG: Starting new HTTPS connection (1): www.metacritic.com:443
2022-03-03 11:44:43,784 DEBUG: https://www.metacritic.com:443 "GET /music/skeleton-tree/nick-cave-the-bad-seeds HTTP/1.1" 200 27934
2022-03-03 11:44:43,804 INFO: https://www.metacritic.com/music/skeleton-tree/nick-cave-the-bad-seeds was requested successfully.
2022-03-03 11:44:43,919 DEBUG: Starting new HTTPS connection (1): www.metacritic.com:443
2022-03-03 11:44:44,756 DEBUG: https://www.metacritic.com:443 "GET /music/savane/ali-farka-toure HTTP/1.1" 200 25363
2022-03-03 11:44:44,774 INFO: https://www.metacritic.com/music/savane/ali-farka-toure was requested successfully.
2022-03-03 11:44:44,942 WARNING: There was no Amazon link found on https://www.metacritic.com/music/savane/ali-farka-toure. Added an empty cell instead.
2022-03-03 11:44:44,943 DEBUG: Starting new HTTPS connection (1): www.metacritic.com:443
2022-03-03 11:44:45,173 DEBUG: https://www.metacritic.com:443 "GET /music/my-beautiful-dark-twisted-fantasy/kanye-west HTTP/1.1" 200 27715
2022-03-03 11:44:45,193 INFO: https://www.metacritic.com/music/my-beautiful-dark-twisted-fantasy/kanye-west was requested successfully.
2022-03-03 11:44:45,313 DEBUG: Starting new HTTPS connection (1): www.metacritic.com:443
2022-03-03 11:44:45,519 DEBUG: https://www.metacritic.com:443 "GET /music/madvillainy/madvillain HTTP/1.1" 200 26094
2022-03-03 11:44:45,536 INFO: https://www.metacritic.com/music/madvillainy/madvillain was requested successfully.
2022-03-03 11:44:45,651 WARNING: There was no Amazon link found on https://www.metacritic.com/music/madvillainy/madvillain. Added an empty cell instead.
2022-03-03 11:44:45,653 DEBUG: Starting new HTTPS connection (1): www.metacritic.com:443
2022-03-03 11:44:45,982 DEBUG: https://www.metacritic.com:443 "GET /music/a-crow-looked-at-me/mount-eerie HTTP/1.1" 200 27819
2022-03-03 11:44:45,996 INFO: https://www.metacritic.com/music/a-crow-looked-at-me/mount-eerie was requested successfully.
2022-03-03 11:44:46,111 DEBUG: Starting new HTTPS connection (1): www.metacritic.com:443
2022-03-03 11:44:46,324 DEBUG: https://www.metacritic.com:443 "GET /music/room-25/noname HTTP/1.1" 200 26846
2022-03-03 11:44:46,338 INFO: https://www.metacritic.com/music/room-25/noname was requested successfully.
2022-03-03 11:44:46,453 DEBUG: Starting new HTTPS connection (1): www.metacritic.com:443
2022-03-03 11:44:46,669 DEBUG: https://www.metacritic.com:443 "GET /music/live-at-reading/nirvana HTTP/1.1" 200 25825
2022-03-03 11:44:46,750 INFO: https://www.metacritic.com/music/live-at-reading/nirvana was requested successfully.
2022-03-03 11:44:46,891 WARNING: There was no Amazon link found on https://www.metacritic.com/music/live-at-reading/nirvana. Added an empty cell instead.
2022-03-03 11:44:46,893 DEBUG: Starting new HTTPS connection (1): www.metacritic.com:443
2022-03-03 11:44:47,097 DEBUG: https://www.metacritic.com:443 "GET /music/love-and-theft/bob-dylan HTTP/1.1" 200 25707
2022-03-03 11:44:47,114 INFO: https://www.metacritic.com/music/love-and-theft/bob-dylan was requested successfully.
2022-03-03 11:44:47,232 WARNING: There was no Amazon link found on https://www.metacritic.com/music/love-and-theft/bob-dylan. Added an empty cell instead.
2022-03-03 11:44:47,233 DEBUG: Starting new HTTPS connection (1): www.metacritic.com:443
2022-03-03 11:44:47,461 DEBUG: https://www.metacritic.com:443 "GET /music/my-dusty-road/woody-guthrie HTTP/1.1" 200 24504
2022-03-03 11:44:47,473 INFO: https://www.metacritic.com/music/my-dusty-road/woody-guthrie was requested successfully.
2022-03-03 11:44:47,634 WARNING: There was no Amazon link found on https://www.metacritic.com/music/my-dusty-road/woody-guthrie. Added an empty cell instead.
2022-03-03 11:44:47,635 DEBUG: Starting new HTTPS connection (1): www.metacritic.com:443
2022-03-03 11:44:47,848 DEBUG: https://www.metacritic.com:443 "GET /music/on-the-impossible-past/the-menzingers HTTP/1.1" 200 26446
2022-03-03 11:44:47,866 INFO: https://www.metacritic.com/music/on-the-impossible-past/the-menzingers was requested successfully.
2022-03-03 11:44:47,983 DEBUG: Starting new HTTPS connection (1): www.metacritic.com:443
2022-03-03 11:44:48,676 DEBUG: https://www.metacritic.com:443 "GET /music/prioritise-pleasure/self-esteem HTTP/1.1" 200 26008
2022-03-03 11:44:48,692 INFO: https://www.metacritic.com/music/prioritise-pleasure/self-esteem was requested successfully.
2022-03-03 11:44:48,805 DEBUG: Starting new HTTPS connection (1): www.metacritic.com:443
2022-03-03 11:44:49,007 DEBUG: https://www.metacritic.com:443 "GET /music/lemonade/beyonce HTTP/1.1" 200 27542
2022-03-03 11:44:49,030 INFO: https://www.metacritic.com/music/lemonade/beyonce was requested successfully.
2022-03-03 11:44:49,156 DEBUG: Starting new HTTPS connection (1): www.metacritic.com:443
2022-03-03 11:44:49,382 DEBUG: https://www.metacritic.com:443 "GET /music/ants-from-up-there/black-country-new-road HTTP/1.1" 200 26390
2022-03-03 11:44:49,397 INFO: https://www.metacritic.com/music/ants-from-up-there/black-country-new-road was requested successfully.
2022-03-03 11:44:49,510 DEBUG: Starting new HTTPS connection (1): www.metacritic.com:443
2022-03-03 11:44:50,043 DEBUG: https://www.metacritic.com:443 "GET /music/pull-up-some-dust-and-sit-down/ry-cooder HTTP/1.1" 200 26196
2022-03-03 11:44:50,061 INFO: https://www.metacritic.com/music/pull-up-some-dust-and-sit-down/ry-cooder was requested successfully.
2022-03-03 11:44:50,184 DEBUG: Starting new HTTPS connection (1): www.metacritic.com:443
2022-03-03 11:44:50,720 DEBUG: https://www.metacritic.com:443 "GET /music/sunbather/deafheaven HTTP/1.1" 200 27528
2022-03-03 11:44:50,755 INFO: https://www.metacritic.com/music/sunbather/deafheaven was requested successfully.
2022-03-03 11:44:50,926 DEBUG: Starting new HTTPS connection (1): www.metacritic.com:443
2022-03-03 11:44:51,195 DEBUG: https://www.metacritic.com:443 "GET /music/glow-on/turnstile HTTP/1.1" 200 26272
2022-03-03 11:44:51,215 INFO: https://www.metacritic.com/music/glow-on/turnstile was requested successfully.
2022-03-03 11:44:51,337 DEBUG: Starting new HTTPS connection (1): www.metacritic.com:443
2022-03-03 11:44:51,539 DEBUG: https://www.metacritic.com:443 "GET /music/orphans-brawlers-bawlers-bastards/tom-waits HTTP/1.1" 200 25009
2022-03-03 11:44:51,550 INFO: https://www.metacritic.com/music/orphans-brawlers-bawlers-bastards/tom-waits was requested successfully.
2022-03-03 11:44:51,662 WARNING: There was no Amazon link found on https://www.metacritic.com/music/orphans-brawlers-bawlers-bastards/tom-waits. Added an empty cell instead.
2022-03-03 11:44:51,663 DEBUG: Starting new HTTPS connection (1): www.metacritic.com:443
2022-03-03 11:44:51,888 DEBUG: https://www.metacritic.com:443 "GET /music/time-will-die-and-love-will-bury-it/rolo-tomassi HTTP/1.1" 200 27147
2022-03-03 11:44:51,907 INFO: https://www.metacritic.com/music/time-will-die-and-love-will-bury-it/rolo-tomassi was requested successfully.
2022-03-03 11:44:52,024 DEBUG: Starting new HTTPS connection (1): www.metacritic.com:443
2022-03-03 11:44:52,238 DEBUG: https://www.metacritic.com:443 "GET /music/boy-in-da-corner/dizzee-rascal HTTP/1.1" 200 26039
2022-03-03 11:44:52,256 INFO: https://www.metacritic.com/music/boy-in-da-corner/dizzee-rascal was requested successfully.
2022-03-03 11:44:52,373 WARNING: There was no Amazon link found on https://www.metacritic.com/music/boy-in-da-corner/dizzee-rascal. Added an empty cell instead.
2022-03-03 11:44:52,374 DEBUG: Starting new HTTPS connection (1): www.metacritic.com:443
2022-03-03 11:44:52,593 DEBUG: https://www.metacritic.com:443 "GET /music/you-want-it-darker/leonard-cohen HTTP/1.1" 200 26556
2022-03-03 11:44:52,613 INFO: https://www.metacritic.com/music/you-want-it-darker/leonard-cohen was requested successfully.
2022-03-03 11:44:52,733 DEBUG: Starting new HTTPS connection (1): www.metacritic.com:443
2022-03-03 11:44:52,944 DEBUG: https://www.metacritic.com:443 "GET /music/channel-orange/frank-ocean HTTP/1.1" 200 26570
2022-03-03 11:44:52,961 INFO: https://www.metacritic.com/music/channel-orange/frank-ocean was requested successfully.
2022-03-03 11:44:53,083 WARNING: There was no Amazon link found on https://www.metacritic.com/music/channel-orange/frank-ocean. Added an empty cell instead.
2022-03-03 11:44:53,084 DEBUG: Starting new HTTPS connection (1): www.metacritic.com:443
2022-03-03 11:44:53,302 DEBUG: https://www.metacritic.com:443 "GET /music/the-satanist/behemoth HTTP/1.1" 200 26269
2022-03-03 11:44:53,320 INFO: https://www.metacritic.com/music/the-satanist/behemoth was requested successfully.
2022-03-03 11:44:53,519 DEBUG: Starting new HTTPS connection (1): www.metacritic.com:443
2022-03-03 11:44:53,728 DEBUG: https://www.metacritic.com:443 "GET /music/elephant/the-white-stripes HTTP/1.1" 200 26198
2022-03-03 11:44:53,741 INFO: https://www.metacritic.com/music/elephant/the-white-stripes was requested successfully.
2022-03-03 11:44:53,861 WARNING: There was no Amazon link found on https://www.metacritic.com/music/elephant/the-white-stripes. Added an empty cell instead.
2022-03-03 11:44:53,863 DEBUG: Starting new HTTPS connection (1): www.metacritic.com:443
2022-03-03 11:44:54,098 DEBUG: https://www.metacritic.com:443 "GET /music/were-all-alone-in-this-together/dave HTTP/1.1" 200 25670
2022-03-03 11:44:54,180 INFO: https://www.metacritic.com/music/were-all-alone-in-this-together/dave was requested successfully.
2022-03-03 11:44:54,296 DEBUG: Starting new HTTPS connection (1): www.metacritic.com:443
2022-03-03 11:44:55,523 DEBUG: https://www.metacritic.com:443 "GET /music/titanic-rising/weyes-blood HTTP/1.1" 200 26807
2022-03-03 11:44:55,542 INFO: https://www.metacritic.com/music/titanic-rising/weyes-blood was requested successfully.
2022-03-03 11:44:55,666 DEBUG: Starting new HTTPS connection (1): www.metacritic.com:443
2022-03-03 11:44:55,899 DEBUG: https://www.metacritic.com:443 "GET /music/carnage/nick-cave-warren-ellis HTTP/1.1" 200 26860
2022-03-03 11:44:55,920 INFO: https://www.metacritic.com/music/carnage/nick-cave-warren-ellis was requested successfully.
2022-03-03 11:44:56,030 DEBUG: Starting new HTTPS connection (1): www.metacritic.com:443
2022-03-03 11:44:56,252 DEBUG: https://www.metacritic.com:443 "GET /music/melodrama/lorde HTTP/1.1" 200 27828
2022-03-03 11:44:56,271 INFO: https://www.metacritic.com/music/melodrama/lorde was requested successfully.
2022-03-03 11:44:56,394 DEBUG: Starting new HTTPS connection (1): www.metacritic.com:443
2022-03-03 11:44:56,923 DEBUG: https://www.metacritic.com:443 "GET /music/speakerboxxxthe-love-below/outkast HTTP/1.1" 200 28248
2022-03-03 11:44:57,267 INFO: https://www.metacritic.com/music/speakerboxxxthe-love-below/outkast was requested successfully.
2022-03-03 11:44:57,436 WARNING: There was no Amazon link found on https://www.metacritic.com/music/speakerboxxxthe-love-below/outkast. Added an empty cell instead.
2022-03-03 11:44:57,438 DEBUG: Starting new HTTPS connection (1): www.metacritic.com:443
2022-03-03 11:44:57,646 DEBUG: https://www.metacritic.com:443 "GET /music/set-my-heart-on-fire-immediately/perfume-genius HTTP/1.1" 200 27111
2022-03-03 11:44:57,664 INFO: https://www.metacritic.com/music/set-my-heart-on-fire-immediately/perfume-genius was requested successfully.
2022-03-03 11:44:57,778 DEBUG: Starting new HTTPS connection (1): www.metacritic.com:443
2022-03-03 11:44:59,014 DEBUG: https://www.metacritic.com:443 "GET /music/red-taylors-version/taylor-swift HTTP/1.1" 200 25797
2022-03-03 11:44:59,027 INFO: https://www.metacritic.com/music/red-taylors-version/taylor-swift was requested successfully.
2022-03-03 11:44:59,141 DEBUG: Starting new HTTPS connection (1): www.metacritic.com:443
2022-03-03 11:44:59,349 DEBUG: https://www.metacritic.com:443 "GET /music/home-like-noplace-is-there/the-hotelier HTTP/1.1" 200 26157
2022-03-03 11:44:59,367 INFO: https://www.metacritic.com/music/home-like-noplace-is-there/the-hotelier was requested successfully.
2022-03-03 11:44:59,481 DEBUG: Starting new HTTPS connection (1): www.metacritic.com:443
2022-03-03 11:44:59,712 DEBUG: https://www.metacritic.com:443 "GET /music/good-kid-maad-city/kendrick-lamar HTTP/1.1" 200 27303
2022-03-03 11:44:59,792 INFO: https://www.metacritic.com/music/good-kid-maad-city/kendrick-lamar was requested successfully.
2022-03-03 11:44:59,920 DEBUG: Starting new HTTPS connection (1): www.metacritic.com:443
2022-03-03 11:45:00,231 DEBUG: https://www.metacritic.com:443 "GET /music/a-grand-dont-come-for-free/the-streets HTTP/1.1" 200 25921
2022-03-03 11:45:00,249 INFO: https://www.metacritic.com/music/a-grand-dont-come-for-free/the-streets was requested successfully.
2022-03-03 11:45:00,364 WARNING: There was no Amazon link found on https://www.metacritic.com/music/a-grand-dont-come-for-free/the-streets. Added an empty cell instead.
2022-03-03 11:45:00,366 DEBUG: Starting new HTTPS connection (1): www.metacritic.com:443
2022-03-03 11:45:00,596 DEBUG: https://www.metacritic.com:443 "GET /music/the-myth-of-the-happily-ever-after/biffy-clyro HTTP/1.1" 200 26466
2022-03-03 11:45:00,610 INFO: https://www.metacritic.com/music/the-myth-of-the-happily-ever-after/biffy-clyro was requested successfully.
2022-03-03 11:45:00,721 DEBUG: Starting new HTTPS connection (1): www.metacritic.com:443
2022-03-03 11:45:00,936 DEBUG: https://www.metacritic.com:443 "GET /music/canto/los-super-seven HTTP/1.1" 200 25444
2022-03-03 11:45:00,955 INFO: https://www.metacritic.com/music/canto/los-super-seven was requested successfully.
2022-03-03 11:45:01,134 WARNING: There was no Amazon link found on https://www.metacritic.com/music/canto/los-super-seven. Added an empty cell instead.
2022-03-03 11:45:01,136 DEBUG: Starting new HTTPS connection (1): www.metacritic.com:443
2022-03-03 11:45:01,433 DEBUG: https://www.metacritic.com:443 "GET /music/grey-area/little-simz HTTP/1.1" 200 25954
2022-03-03 11:45:01,537 INFO: https://www.metacritic.com/music/grey-area/little-simz was requested successfully.
2022-03-03 11:45:01,756 DEBUG: Starting new HTTPS connection (1): www.metacritic.com:443
2022-03-03 11:45:01,982 DEBUG: https://www.metacritic.com:443 "GET /music/sex-death-the-infinite-void/creeper HTTP/1.1" 200 25416
2022-03-03 11:45:01,996 INFO: https://www.metacritic.com/music/sex-death-the-infinite-void/creeper was requested successfully.
2022-03-03 11:45:02,147 DEBUG: Starting new HTTPS connection (1): www.metacritic.com:443
2022-03-03 11:45:02,691 DEBUG: https://www.metacritic.com:443 "GET /music/the-archandroid/janelle-monae HTTP/1.1" 200 27344
2022-03-03 11:45:02,712 INFO: https://www.metacritic.com/music/the-archandroid/janelle-monae was requested successfully.
2022-03-03 11:45:02,871 WARNING: There was no Amazon link found on https://www.metacritic.com/music/the-archandroid/janelle-monae. Added an empty cell instead.
2022-03-03 11:45:02,872 DEBUG: Starting new HTTPS connection (1): www.metacritic.com:443
2022-03-03 11:45:03,087 DEBUG: https://www.metacritic.com:443 "GET /music/gold-grey/baroness HTTP/1.1" 200 26446
2022-03-03 11:45:03,105 INFO: https://www.metacritic.com/music/gold-grey/baroness was requested successfully.
2022-03-03 11:45:03,225 DEBUG: Starting new HTTPS connection (1): www.metacritic.com:443
2022-03-03 11:45:03,486 DEBUG: https://www.metacritic.com:443 "GET /music/blue-weekend/wolf-alice HTTP/1.1" 200 27320
2022-03-03 11:45:03,512 INFO: https://www.metacritic.com/music/blue-weekend/wolf-alice was requested successfully.
2022-03-03 11:45:03,629 DEBUG: Starting new HTTPS connection (1): www.metacritic.com:443
2022-03-03 11:45:03,833 DEBUG: https://www.metacritic.com:443 "GET /music/the-guitar-song/jamey-johnson HTTP/1.1" 200 26526
2022-03-03 11:45:03,850 INFO: https://www.metacritic.com/music/the-guitar-song/jamey-johnson was requested successfully.
2022-03-03 11:45:03,967 DEBUG: Starting new HTTPS connection (1): www.metacritic.com:443
2022-03-03 11:45:06,284 DEBUG: https://www.metacritic.com:443 "GET /music/is-this-it/the-strokes HTTP/1.1" 200 26461
2022-03-03 11:45:06,303 INFO: https://www.metacritic.com/music/is-this-it/the-strokes was requested successfully.
2022-03-03 11:45:06,486 WARNING: There was no Amazon link found on https://www.metacritic.com/music/is-this-it/the-strokes. Added an empty cell instead.
2022-03-03 11:45:06,487 DEBUG: Starting new HTTPS connection (1): www.metacritic.com:443
2022-03-03 11:45:12,360 DEBUG: https://www.metacritic.com:443 "GET /music/we-got-it-from-herethank-you-4-your-service/a-tribe-called-quest HTTP/1.1" 200 27230
2022-03-03 11:45:12,506 INFO: https://www.metacritic.com/music/we-got-it-from-herethank-you-4-your-service/a-tribe-called-quest was requested successfully.
2022-03-03 11:45:12,621 DEBUG: Starting new HTTPS connection (1): www.metacritic.com:443
2022-03-03 11:45:13,413 DEBUG: https://www.metacritic.com:443 "GET /music/from-here-we-go-sublime/the-field HTTP/1.1" 200 25359
2022-03-03 11:45:13,431 INFO: https://www.metacritic.com/music/from-here-we-go-sublime/the-field was requested successfully.
2022-03-03 11:45:13,548 WARNING: There was no Amazon link found on https://www.metacritic.com/music/from-here-we-go-sublime/the-field. Added an empty cell instead.
2022-03-03 11:45:13,549 DEBUG: Starting new HTTPS connection (1): www.metacritic.com:443
2022-03-03 11:45:13,775 DEBUG: https://www.metacritic.com:443 "GET /music/feeding-the-machine/binker-moses HTTP/1.1" 200 23327
2022-03-03 11:45:13,791 INFO: https://www.metacritic.com/music/feeding-the-machine/binker-moses was requested successfully.
2022-03-03 11:45:13,881 WARNING: There was no number of user reviews found on https://www.metacritic.com/music/feeding-the-machine/binker-moses. Added an empty cell instead.
2022-03-03 11:45:13,892 DEBUG: Starting new HTTPS connection (1): www.metacritic.com:443
2022-03-03 11:45:14,441 DEBUG: https://www.metacritic.com:443 "GET /music/illinois/sufjan-stevens HTTP/1.1" 200 25634
2022-03-03 11:45:14,462 INFO: https://www.metacritic.com/music/illinois/sufjan-stevens was requested successfully.
2022-03-03 11:45:14,659 WARNING: There was no Amazon link found on https://www.metacritic.com/music/illinois/sufjan-stevens. Added an empty cell instead.
2022-03-03 11:45:14,661 DEBUG: Starting new HTTPS connection (1): www.metacritic.com:443
2022-03-03 11:45:15,366 DEBUG: https://www.metacritic.com:443 "GET /music/carrie-lowell/sufjan-stevens HTTP/1.1" 200 26790
2022-03-03 11:45:15,386 INFO: https://www.metacritic.com/music/carrie-lowell/sufjan-stevens was requested successfully.
2022-03-03 11:45:15,505 DEBUG: Starting new HTTPS connection (1): www.metacritic.com:443
2022-03-03 11:45:16,111 DEBUG: https://www.metacritic.com:443 "GET /music/jimmy-lee/raphael-saadiq HTTP/1.1" 200 25084
2022-03-03 11:45:16,127 INFO: https://www.metacritic.com/music/jimmy-lee/raphael-saadiq was requested successfully.
2022-03-03 11:45:16,278 DEBUG: Starting new HTTPS connection (1): www.metacritic.com:443
2022-03-03 11:45:17,035 DEBUG: https://www.metacritic.com:443 "GET /music/no-cities-to-love/sleater-kinney HTTP/1.1" 200 28207
2022-03-03 11:45:17,055 INFO: https://www.metacritic.com/music/no-cities-to-love/sleater-kinney was requested successfully.
2022-03-03 11:45:17,180 DEBUG: Starting new HTTPS connection (1): www.metacritic.com:443
2022-03-03 11:45:17,812 DEBUG: https://www.metacritic.com:443 "GET /music/eve/rapsody HTTP/1.1" 200 25840
2022-03-03 11:45:17,830 INFO: https://www.metacritic.com/music/eve/rapsody was requested successfully.
2022-03-03 11:45:17,936 DEBUG: Starting new HTTPS connection (1): www.metacritic.com:443
2022-03-03 11:45:19,023 DEBUG: https://www.metacritic.com:443 "GET /music/punisher/phoebe-bridgers HTTP/1.1" 200 26797
2022-03-03 11:45:19,103 INFO: https://www.metacritic.com/music/punisher/phoebe-bridgers was requested successfully.
2022-03-03 11:45:19,216 DEBUG: Starting new HTTPS connection (1): www.metacritic.com:443
2022-03-03 11:45:20,014 DEBUG: https://www.metacritic.com:443 "GET /music/send-them-to-coventry-mixtape/pa-salieu HTTP/1.1" 200 25433
2022-03-03 11:45:20,032 INFO: https://www.metacritic.com/music/send-them-to-coventry-mixtape/pa-salieu was requested successfully.
2022-03-03 11:45:20,137 WARNING: There was no number of user reviews found on https://www.metacritic.com/music/send-them-to-coventry-mixtape/pa-salieu. Added an empty cell instead.
2022-03-03 11:45:20,147 DEBUG: Starting new HTTPS connection (1): www.metacritic.com:443
2022-03-03 11:45:20,933 DEBUG: https://www.metacritic.com:443 "GET /music/original-pirate-material/the-streets HTTP/1.1" 200 25131
2022-03-03 11:45:20,952 INFO: https://www.metacritic.com/music/original-pirate-material/the-streets was requested successfully.
2022-03-03 11:45:21,067 WARNING: There was no Amazon link found on https://www.metacritic.com/music/original-pirate-material/the-streets. Added an empty cell instead.
2022-03-03 11:45:21,069 DEBUG: Starting new HTTPS connection (1): www.metacritic.com:443
2022-03-03 11:45:21,679 DEBUG: https://www.metacritic.com:443 "GET /music/candi-staton/candi-staton HTTP/1.1" 200 24749
2022-03-03 11:45:21,691 INFO: https://www.metacritic.com/music/candi-staton/candi-staton was requested successfully.
2022-03-03 11:45:21,804 WARNING: There was no Amazon link found on https://www.metacritic.com/music/candi-staton/candi-staton. Added an empty cell instead.
2022-03-03 11:45:21,806 DEBUG: Starting new HTTPS connection (1): www.metacritic.com:443
2022-03-03 11:45:22,143 DEBUG: https://www.metacritic.com:443 "GET /music/alice/tom-waits HTTP/1.1" 200 25419
2022-03-03 11:45:22,162 INFO: https://www.metacritic.com/music/alice/tom-waits was requested successfully.
2022-03-03 11:45:22,330 WARNING: There was no Amazon link found on https://www.metacritic.com/music/alice/tom-waits. Added an empty cell instead.
2022-03-03 11:45:22,331 DEBUG: Starting new HTTPS connection (1): www.metacritic.com:443
2022-03-03 11:45:22,549 DEBUG: https://www.metacritic.com:443 "GET /music/funeral/arcade-fire HTTP/1.1" 200 26072
2022-03-03 11:45:22,566 INFO: https://www.metacritic.com/music/funeral/arcade-fire was requested successfully.
2022-03-03 11:45:22,682 WARNING: There was no Amazon link found on https://www.metacritic.com/music/funeral/arcade-fire. Added an empty cell instead.
2022-03-03 11:45:22,683 DEBUG: Starting new HTTPS connection (1): www.metacritic.com:443
2022-03-03 11:45:23,335 DEBUG: https://www.metacritic.com:443 "GET /music/holy-hell/architects HTTP/1.1" 200 26248
2022-03-03 11:45:23,354 INFO: https://www.metacritic.com/music/holy-hell/architects was requested successfully.
2022-03-03 11:45:23,572 DEBUG: Starting new HTTPS connection (1): www.metacritic.com:443
2022-03-03 11:45:27,674 DEBUG: https://www.metacritic.com:443 "GET /music/london-zoo/the-bug HTTP/1.1" 200 25536
2022-03-03 11:45:27,687 INFO: https://www.metacritic.com/music/london-zoo/the-bug was requested successfully.
2022-03-03 11:45:27,803 WARNING: There was no Amazon link found on https://www.metacritic.com/music/london-zoo/the-bug. Added an empty cell instead.
2022-03-03 11:45:27,804 DEBUG: Starting new HTTPS connection (1): www.metacritic.com:443
2022-03-03 11:45:29,803 DEBUG: https://www.metacritic.com:443 "GET /music/jama-ko/bassekou-kouyate-ngoni-ba HTTP/1.1" 200 24938
2022-03-03 11:45:29,821 INFO: https://www.metacritic.com/music/jama-ko/bassekou-kouyate-ngoni-ba was requested successfully.
2022-03-03 11:45:29,937 WARNING: There was no Amazon link found on https://www.metacritic.com/music/jama-ko/bassekou-kouyate-ngoni-ba. Added an empty cell instead.
2022-03-03 11:45:29,939 DEBUG: Starting new HTTPS connection (1): www.metacritic.com:443
2022-03-03 11:45:31,055 DEBUG: https://www.metacritic.com:443 "GET /music/sir-lucious-left-foot-the-son-of-chico-dusty/big-boi HTTP/1.1" 200 27515
2022-03-03 11:45:31,073 INFO: https://www.metacritic.com/music/sir-lucious-left-foot-the-son-of-chico-dusty/big-boi was requested successfully.
2022-03-03 11:45:31,259 DEBUG: Starting new HTTPS connection (1): www.metacritic.com:443
2022-03-03 11:45:31,585 DEBUG: https://www.metacritic.com:443 "GET /music/psychodrama/dave HTTP/1.1" 200 27713
2022-03-03 11:45:31,599 INFO: https://www.metacritic.com/music/psychodrama/dave was requested successfully.
2022-03-03 11:45:31,715 DEBUG: Starting new HTTPS connection (1): www.metacritic.com:443
2022-03-03 11:45:33,236 DEBUG: https://www.metacritic.com:443 "GET /music/untrue/burial HTTP/1.1" 200 25688
2022-03-03 11:45:33,253 INFO: https://www.metacritic.com/music/untrue/burial was requested successfully.
2022-03-03 11:45:33,430 WARNING: There was no Amazon link found on https://www.metacritic.com/music/untrue/burial. Added an empty cell instead.
2022-03-03 11:45:33,431 DEBUG: Starting new HTTPS connection (1): www.metacritic.com:443
2022-03-03 11:45:35,777 DEBUG: https://www.metacritic.com:443 "GET /music/gra/moses-sumney HTTP/1.1" 200 26481
2022-03-03 11:45:35,795 INFO: https://www.metacritic.com/music/gra/moses-sumney was requested successfully.
2022-03-03 11:45:36,009 DEBUG: Starting new HTTPS connection (1): www.metacritic.com:443
2022-03-03 11:45:38,375 DEBUG: https://www.metacritic.com:443 "GET /music/xtrmntr/primal-scream HTTP/1.1" 200 25861
2022-03-03 11:45:38,394 INFO: https://www.metacritic.com/music/xtrmntr/primal-scream was requested successfully.
2022-03-03 11:45:38,509 WARNING: There was no Amazon link found on https://www.metacritic.com/music/xtrmntr/primal-scream. Added an empty cell instead.
2022-03-03 11:45:38,511 DEBUG: Starting new HTTPS connection (1): www.metacritic.com:443
2022-03-03 11:45:38,818 DEBUG: https://www.metacritic.com:443 "GET /music/spaces/nils-frahm HTTP/1.1" 200 25601
2022-03-03 11:45:38,836 INFO: https://www.metacritic.com/music/spaces/nils-frahm was requested successfully.
2022-03-03 11:45:38,948 DEBUG: Starting new HTTPS connection (1): www.metacritic.com:443
2022-03-03 11:45:41,643 DEBUG: https://www.metacritic.com:443 "GET /music/z/my-morning-jacket HTTP/1.1" 200 24861
2022-03-03 11:45:41,660 INFO: https://www.metacritic.com/music/z/my-morning-jacket was requested successfully.
2022-03-03 11:45:41,801 WARNING: There was no Amazon link found on https://www.metacritic.com/music/z/my-morning-jacket. Added an empty cell instead.
2022-03-03 11:45:41,803 DEBUG: Starting new HTTPS connection (1): www.metacritic.com:443
2022-03-03 11:45:43,536 DEBUG: https://www.metacritic.com:443 "GET /music/st-vincent/st-vincent HTTP/1.1" 200 29104
2022-03-03 11:45:43,627 INFO: https://www.metacritic.com/music/st-vincent/st-vincent was requested successfully.
2022-03-03 11:45:43,745 DEBUG: Starting new HTTPS connection (1): www.metacritic.com:443
2022-03-03 11:45:48,207 DEBUG: https://www.metacritic.com:443 "GET /music/the-dusk-in-us/converge HTTP/1.1" 200 26796
2022-03-03 11:45:48,225 INFO: https://www.metacritic.com/music/the-dusk-in-us/converge was requested successfully.
2022-03-03 11:45:48,388 DEBUG: Starting new HTTPS connection (1): www.metacritic.com:443
2022-03-03 11:45:49,874 DEBUG: https://www.metacritic.com:443 "GET /music/like-a-rose/ashley-monroe HTTP/1.1" 200 26064
2022-03-03 11:45:49,975 INFO: https://www.metacritic.com/music/like-a-rose/ashley-monroe was requested successfully.
2022-03-03 11:45:50,168 DEBUG: Starting new HTTPS connection (1): www.metacritic.com:443
2022-03-03 11:45:50,378 DEBUG: https://www.metacritic.com:443 "GET /music/rtj2/run-the-jewels HTTP/1.1" 200 27618
2022-03-03 11:45:50,397 INFO: https://www.metacritic.com/music/rtj2/run-the-jewels was requested successfully.
2022-03-03 11:45:50,516 DEBUG: Starting new HTTPS connection (1): www.metacritic.com:443
2022-03-03 11:45:51,255 DEBUG: https://www.metacritic.com:443 "GET /music/rounds/four-tet HTTP/1.1" 200 25095
2022-03-03 11:45:51,268 INFO: https://www.metacritic.com/music/rounds/four-tet was requested successfully.
2022-03-03 11:45:51,387 WARNING: There was no Amazon link found on https://www.metacritic.com/music/rounds/four-tet. Added an empty cell instead.
2022-03-03 11:45:51,388 DEBUG: Starting new HTTPS connection (1): www.metacritic.com:443
2022-03-03 11:45:52,526 DEBUG: https://www.metacritic.com:443 "GET /music/neon-golden/the-notwist HTTP/1.1" 200 25518
2022-03-03 11:45:52,544 INFO: https://www.metacritic.com/music/neon-golden/the-notwist was requested successfully.
2022-03-03 11:45:52,663 WARNING: There was no Amazon link found on https://www.metacritic.com/music/neon-golden/the-notwist. Added an empty cell instead.
2022-03-03 11:45:52,664 DEBUG: Starting new HTTPS connection (1): www.metacritic.com:443
2022-03-03 11:45:54,963 DEBUG: https://www.metacritic.com:443 "GET /music/since-i-left-you/the-avalanches HTTP/1.1" 200 26158
2022-03-03 11:45:54,978 INFO: https://www.metacritic.com/music/since-i-left-you/the-avalanches was requested successfully.
2022-03-03 11:45:55,092 WARNING: There was no Amazon link found on https://www.metacritic.com/music/since-i-left-you/the-avalanches. Added an empty cell instead.
2022-03-03 11:45:55,093 DEBUG: Starting new HTTPS connection (1): www.metacritic.com:443
2022-03-03 11:45:56,116 DEBUG: https://www.metacritic.com:443 "GET /music/honey/robyn HTTP/1.1" 200 28218
2022-03-03 11:45:56,130 INFO: https://www.metacritic.com/music/honey/robyn was requested successfully.
2022-03-03 11:45:56,248 DEBUG: Starting new HTTPS connection (1): www.metacritic.com:443
2022-03-03 11:45:56,562 DEBUG: https://www.metacritic.com:443 "GET /music/eternity-in-your-arms/creeper HTTP/1.1" 200 26652
2022-03-03 11:45:56,576 INFO: https://www.metacritic.com/music/eternity-in-your-arms/creeper was requested successfully.
2022-03-03 11:45:56,740 DEBUG: Starting new HTTPS connection (1): www.metacritic.com:443
2022-03-03 11:45:57,858 DEBUG: https://www.metacritic.com:443 "GET /music/kiwanuka/michael-kiwanuka HTTP/1.1" 200 26059
2022-03-03 11:45:57,877 INFO: https://www.metacritic.com/music/kiwanuka/michael-kiwanuka was requested successfully.
2022-03-03 11:45:57,994 DEBUG: Starting new HTTPS connection (1): www.metacritic.com:443
2022-03-03 11:45:58,303 DEBUG: https://www.metacritic.com:443 "GET /music/modern-times/bob-dylan HTTP/1.1" 200 26730
2022-03-03 11:45:58,321 INFO: https://www.metacritic.com/music/modern-times/bob-dylan was requested successfully.
2022-03-03 11:45:58,451 WARNING: There was no Amazon link found on https://www.metacritic.com/music/modern-times/bob-dylan. Added an empty cell instead.
2022-03-03 11:45:58,453 DEBUG: Starting new HTTPS connection (1): www.metacritic.com:443
2022-03-03 11:45:59,684 DEBUG: https://www.metacritic.com:443 "GET /music/legacy!-legacy!/jamila-woods HTTP/1.1" 200 27399
2022-03-03 11:45:59,704 INFO: https://www.metacritic.com/music/legacy!-legacy!/jamila-woods was requested successfully.
2022-03-03 11:45:59,820 DEBUG: Starting new HTTPS connection (1): www.metacritic.com:443
2022-03-03 11:46:02,911 DEBUG: https://www.metacritic.com:443 "GET /music/apex-predator---easy-meat/napalm-death HTTP/1.1" 200 26706
2022-03-03 11:46:02,929 INFO: https://www.metacritic.com/music/apex-predator---easy-meat/napalm-death was requested successfully.
2022-03-03 11:46:03,042 DEBUG: Starting new HTTPS connection (1): www.metacritic.com:443
2022-03-03 11:46:04,456 DEBUG: https://www.metacritic.com:443 "GET /music/hobosapiens/john-cale HTTP/1.1" 200 25302
2022-03-03 11:46:04,475 INFO: https://www.metacritic.com/music/hobosapiens/john-cale was requested successfully.
2022-03-03 11:46:04,601 WARNING: There was no Amazon link found on https://www.metacritic.com/music/hobosapiens/john-cale. Added an empty cell instead.
2022-03-03 11:46:04,602 DEBUG: Starting new HTTPS connection (1): www.metacritic.com:443
2022-03-03 11:46:06,726 DEBUG: https://www.metacritic.com:443 "GET /music/miss-e-so-addictive/missy-elliott HTTP/1.1" 200 25529
2022-03-03 11:46:06,743 INFO: https://www.metacritic.com/music/miss-e-so-addictive/missy-elliott was requested successfully.
2022-03-03 11:46:06,908 WARNING: There was no Amazon link found on https://www.metacritic.com/music/miss-e-so-addictive/missy-elliott. Added an empty cell instead.
2022-03-03 11:46:06,909 DEBUG: Starting new HTTPS connection (1): www.metacritic.com:443
2022-03-03 11:46:07,131 DEBUG: https://www.metacritic.com:443 "GET /music/bloodmoon-i/converge HTTP/1.1" 200 25865
2022-03-03 11:46:07,145 INFO: https://www.metacritic.com/music/bloodmoon-i/converge was requested successfully.
2022-03-03 11:46:07,258 DEBUG: Starting new HTTPS connection (1): www.metacritic.com:443
2022-03-03 11:46:08,896 DEBUG: https://www.metacritic.com:443 "GET /music/rtj4/run-the-jewels HTTP/1.1" 200 27807
2022-03-03 11:46:08,913 INFO: https://www.metacritic.com/music/rtj4/run-the-jewels was requested successfully.
2022-03-03 11:46:09,035 DEBUG: Starting new HTTPS connection (1): www.metacritic.com:443
2022-03-03 11:46:09,349 DEBUG: https://www.metacritic.com:443 "GET /music/sawayama/rina-sawayama HTTP/1.1" 200 26310
2022-03-03 11:46:09,368 INFO: https://www.metacritic.com/music/sawayama/rina-sawayama was requested successfully.
2022-03-03 11:46:09,486 DEBUG: Starting new HTTPS connection (1): www.metacritic.com:443
2022-03-03 11:46:10,499 DEBUG: https://www.metacritic.com:443 "GET /music/black-origami/jlin HTTP/1.1" 200 26596
2022-03-03 11:46:10,518 INFO: https://www.metacritic.com/music/black-origami/jlin was requested successfully.
2022-03-03 11:46:10,637 DEBUG: Starting new HTTPS connection (1): www.metacritic.com:443
2022-03-03 11:46:11,859 DEBUG: https://www.metacritic.com:443 "GET /music/bachelor-no-2-or-the-last-remains-of-the-dodo/aimee-mann HTTP/1.1" 200 25478
2022-03-03 11:46:11,875 INFO: https://www.metacritic.com/music/bachelor-no-2-or-the-last-remains-of-the-dodo/aimee-mann was requested successfully.
2022-03-03 11:46:11,993 WARNING: There was no Amazon link found on https://www.metacritic.com/music/bachelor-no-2-or-the-last-remains-of-the-dodo/aimee-mann. Added an empty cell instead.
2022-03-03 11:46:11,995 DEBUG: Starting new HTTPS connection (1): www.metacritic.com:443
2022-03-03 11:46:13,566 DEBUG: https://www.metacritic.com:443 "GET /music/all-mirrors/angel-olsen HTTP/1.1" 200 26163
2022-03-03 11:46:13,585 INFO: https://www.metacritic.com/music/all-mirrors/angel-olsen was requested successfully.
2022-03-03 11:46:13,706 DEBUG: Starting new HTTPS connection (1): www.metacritic.com:443
2022-03-03 11:46:16,284 DEBUG: https://www.metacritic.com:443 "GET /music/for-those-i-love/for-those-i-love HTTP/1.1" 200 24835
2022-03-03 11:46:16,306 INFO: https://www.metacritic.com/music/for-those-i-love/for-those-i-love was requested successfully.
2022-03-03 11:46:16,478 INFO: CSV file was created. Initial information added.
2022-03-03 11:53:06,438 DEBUG: Starting new HTTPS connection (1): www.metacritic.com:443
2022-03-03 11:53:06,835 DEBUG: https://www.metacritic.com:443 "GET /bad_link_for_testing HTTP/1.1" 404 14106
2022-03-03 11:53:06,844 CRITICAL: https://www.metacritic.com/bad_link_for_testing was not requested successfully. Exiting program.
2022-03-03 11:53:06,844 DEBUG: test_use_requests(): Caught the exception when using the link in use_requests() https://www.metacritic.com/bad_link_for_testing
2022-03-03 11:53:06,845 DEBUG: Starting new HTTPS connection (1): www.metacritic.com:443
2022-03-03 11:53:07,065 DEBUG: https://www.metacritic.com:443 "GET / HTTP/1.1" 200 22232
2022-03-03 11:53:07,078 INFO: https://www.metacritic.com/ was requested successfully.
2022-03-03 11:53:07,171 DEBUG: test_use_requests(): https://www.metacritic.com/ was requested successfully
2022-03-03 11:53:07,171 DEBUG: scrape() started
2022-03-03 11:53:07,172 DEBUG: Starting new HTTPS connection (1): www.metacritic.com:443
2022-03-03 11:53:07,387 DEBUG: https://www.metacritic.com:443 "GET /browse/albums/score/metascore/year/filtered?sort=desc HTTP/1.1" 200 28470
2022-03-03 11:53:07,403 INFO: https://www.metacritic.com/browse/albums/score/metascore/year/filtered?sort=desc was requested successfully.
2022-03-03 11:53:07,607 DEBUG: scrape_album_page() started
2022-03-03 11:53:07,608 DEBUG: Starting new HTTPS connection (1): www.metacritic.com:443
2022-03-03 11:53:07,839 DEBUG: https://www.metacritic.com:443 "GET /music/ants-from-up-there/black-country-new-road HTTP/1.1" 200 26390
2022-03-03 11:53:07,859 INFO: https://www.metacritic.com/music/ants-from-up-there/black-country-new-road was requested successfully.
2022-03-03 11:53:07,971 DEBUG: Starting new HTTPS connection (1): www.metacritic.com:443
2022-03-03 11:53:08,187 DEBUG: https://www.metacritic.com:443 "GET /music/feeding-the-machine/binker-moses HTTP/1.1" 200 23331
2022-03-03 11:53:08,202 INFO: https://www.metacritic.com/music/feeding-the-machine/binker-moses was requested successfully.
2022-03-03 11:53:08,316 WARNING: There was no number of user reviews found on https://www.metacritic.com/music/feeding-the-machine/binker-moses. Added an empty cell instead.
2022-03-03 11:53:08,323 DEBUG: Starting new HTTPS connection (1): www.metacritic.com:443
2022-03-03 11:53:08,554 DEBUG: https://www.metacritic.com:443 "GET /music/dragon-new-warm-mountain-i-believe-in-you/big-thief HTTP/1.1" 200 26006
2022-03-03 11:53:08,575 INFO: https://www.metacritic.com/music/dragon-new-warm-mountain-i-believe-in-you/big-thief was requested successfully.
2022-03-03 11:53:08,685 DEBUG: Starting new HTTPS connection (1): www.metacritic.com:443
2022-03-03 11:53:10,206 DEBUG: https://www.metacritic.com:443 "GET /music/dawn-fm/the-weeknd HTTP/1.1" 200 25376
2022-03-03 11:53:10,285 INFO: https://www.metacritic.com/music/dawn-fm/the-weeknd was requested successfully.
2022-03-03 11:53:10,404 DEBUG: Starting new HTTPS connection (1): www.metacritic.com:443
2022-03-03 11:53:10,618 DEBUG: https://www.metacritic.com:443 "GET /music/life-on-earth/hurray-for-the-riff-raff HTTP/1.1" 200 25986
2022-03-03 11:53:10,636 INFO: https://www.metacritic.com/music/life-on-earth/hurray-for-the-riff-raff was requested successfully.
2022-03-03 11:53:10,743 DEBUG: Starting new HTTPS connection (1): www.metacritic.com:443
2022-03-03 11:53:10,987 DEBUG: https://www.metacritic.com:443 "GET /music/sick!/earl-sweatshirt HTTP/1.1" 200 26110
2022-03-03 11:53:11,006 INFO: https://www.metacritic.com/music/sick!/earl-sweatshirt was requested successfully.
2022-03-03 11:53:11,120 DEBUG: Starting new HTTPS connection (1): www.metacritic.com:443
2022-03-03 11:53:11,334 DEBUG: https://www.metacritic.com:443 "GET /music/lucifer-on-the-sofa/spoon HTTP/1.1" 200 26183
2022-03-03 11:53:11,353 INFO: https://www.metacritic.com/music/lucifer-on-the-sofa/spoon was requested successfully.
2022-03-03 11:53:11,470 DEBUG: Starting new HTTPS connection (1): www.metacritic.com:443
2022-03-03 11:53:11,696 DEBUG: https://www.metacritic.com:443 "GET /music/the-overload/yard-act HTTP/1.1" 200 24687
2022-03-03 11:53:11,713 INFO: https://www.metacritic.com/music/the-overload/yard-act was requested successfully.
2022-03-03 11:53:11,819 DEBUG: Starting new HTTPS connection (1): www.metacritic.com:443
2022-03-03 11:53:12,024 DEBUG: https://www.metacritic.com:443 "GET /music/pompeii/cate-le-bon HTTP/1.1" 200 25501
2022-03-03 11:53:12,042 INFO: https://www.metacritic.com/music/pompeii/cate-le-bon was requested successfully.
2022-03-03 11:53:12,195 DEBUG: Starting new HTTPS connection (1): www.metacritic.com:443
2022-03-03 11:53:12,828 DEBUG: https://www.metacritic.com:443 "GET /music/glitch-princess/yeule HTTP/1.1" 200 25779
2022-03-03 11:53:13,101 INFO: https://www.metacritic.com/music/glitch-princess/yeule was requested successfully.
2022-03-03 11:53:13,217 DEBUG: Starting new HTTPS connection (1): www.metacritic.com:443
2022-03-03 11:53:13,454 DEBUG: https://www.metacritic.com:443 "GET /music/once-twice-melody/beach-house HTTP/1.1" 200 26832
2022-03-03 11:53:13,467 INFO: https://www.metacritic.com/music/once-twice-melody/beach-house was requested successfully.
2022-03-03 11:53:13,581 DEBUG: Starting new HTTPS connection (1): www.metacritic.com:443
2022-03-03 11:53:13,786 DEBUG: https://www.metacritic.com:443 "GET /music/tipping-point/tears-for-fears HTTP/1.1" 200 25312
2022-03-03 11:53:13,804 INFO: https://www.metacritic.com/music/tipping-point/tears-for-fears was requested successfully.
2022-03-03 11:53:13,918 DEBUG: Starting new HTTPS connection (1): www.metacritic.com:443
2022-03-03 11:53:14,143 DEBUG: https://www.metacritic.com:443 "GET /music/laurel-hell/mitski HTTP/1.1" 200 26717
2022-03-03 11:53:14,156 INFO: https://www.metacritic.com/music/laurel-hell/mitski was requested successfully.
2022-03-03 11:53:14,276 DEBUG: Starting new HTTPS connection (1): www.metacritic.com:443
2022-03-03 11:53:15,112 DEBUG: https://www.metacritic.com:443 "GET /music/the-boy-named-if/elvis-costello-the-imposters HTTP/1.1" 200 24804
2022-03-03 11:53:15,127 INFO: https://www.metacritic.com/music/the-boy-named-if/elvis-costello-the-imposters was requested successfully.
2022-03-03 11:53:15,238 DEBUG: Starting new HTTPS connection (1): www.metacritic.com:443
2022-03-03 11:53:15,467 DEBUG: https://www.metacritic.com:443 "GET /music/few-good-things/saba HTTP/1.1" 200 25696
2022-03-03 11:53:15,486 INFO: https://www.metacritic.com/music/few-good-things/saba was requested successfully.
2022-03-03 11:53:15,602 DEBUG: Starting new HTTPS connection (1): www.metacritic.com:443
2022-03-03 11:53:16,106 DEBUG: https://www.metacritic.com:443 "GET /music/anais-mitchell/anais-mitchell HTTP/1.1" 200 25027
2022-03-03 11:53:16,173 INFO: https://www.metacritic.com/music/anais-mitchell/anais-mitchell was requested successfully.
2022-03-03 11:53:16,335 DEBUG: Starting new HTTPS connection (1): www.metacritic.com:443
2022-03-03 11:53:16,557 DEBUG: https://www.metacritic.com:443 "GET /music/fever-dreams-pts-1-4/johnny-marr HTTP/1.1" 200 25559
2022-03-03 11:53:16,575 INFO: https://www.metacritic.com/music/fever-dreams-pts-1-4/johnny-marr was requested successfully.
2022-03-03 11:53:16,717 DEBUG: Starting new HTTPS connection (1): www.metacritic.com:443
2022-03-03 11:53:16,932 DEBUG: https://www.metacritic.com:443 "GET /music/see-through-you/a-place-to-bury-strangers HTTP/1.1" 200 23575
2022-03-03 11:53:16,949 INFO: https://www.metacritic.com/music/see-through-you/a-place-to-bury-strangers was requested successfully.
2022-03-03 11:53:17,047 WARNING: There was no number of user reviews found on https://www.metacritic.com/music/see-through-you/a-place-to-bury-strangers. Added an empty cell instead.
2022-03-03 11:53:17,056 DEBUG: Starting new HTTPS connection (1): www.metacritic.com:443
2022-03-03 11:53:17,285 DEBUG: https://www.metacritic.com:443 "GET /music/wild-loneliness/superchunk HTTP/1.1" 200 23692
2022-03-03 11:53:17,364 INFO: https://www.metacritic.com/music/wild-loneliness/superchunk was requested successfully.
2022-03-03 11:53:17,463 WARNING: There was no number of user reviews found on https://www.metacritic.com/music/wild-loneliness/superchunk. Added an empty cell instead.
2022-03-03 11:53:17,471 DEBUG: Starting new HTTPS connection (1): www.metacritic.com:443
2022-03-03 11:53:17,677 DEBUG: https://www.metacritic.com:443 "GET /music/w/boris HTTP/1.1" 200 24820
2022-03-03 11:53:17,693 INFO: https://www.metacritic.com/music/w/boris was requested successfully.
2022-03-03 11:53:17,792 WARNING: There was no number of user reviews found on https://www.metacritic.com/music/w/boris. Added an empty cell instead.
2022-03-03 11:53:17,800 DEBUG: Starting new HTTPS connection (1): www.metacritic.com:443
2022-03-03 11:53:18,037 DEBUG: https://www.metacritic.com:443 "GET /music/the-gods-we-can-touch/aurora HTTP/1.1" 200 27083
2022-03-03 11:53:18,059 INFO: https://www.metacritic.com/music/the-gods-we-can-touch/aurora was requested successfully.
2022-03-03 11:53:18,184 DEBUG: Starting new HTTPS connection (1): www.metacritic.com:443
2022-03-03 11:53:18,396 DEBUG: https://www.metacritic.com:443 "GET /music/caprisongs-mixtape/fka-twigs HTTP/1.1" 200 26294
2022-03-03 11:53:18,415 INFO: https://www.metacritic.com/music/caprisongs-mixtape/fka-twigs was requested successfully.
2022-03-03 11:53:18,531 DEBUG: Starting new HTTPS connection (1): www.metacritic.com:443
2022-03-03 11:53:18,755 DEBUG: https://www.metacritic.com:443 "GET /music/squeeze/sasami HTTP/1.1" 200 23225
2022-03-03 11:53:18,836 INFO: https://www.metacritic.com/music/squeeze/sasami was requested successfully.
2022-03-03 11:53:18,979 WARNING: There was no number of user reviews found on https://www.metacritic.com/music/squeeze/sasami. Added an empty cell instead.
2022-03-03 11:53:18,987 DEBUG: Starting new HTTPS connection (1): www.metacritic.com:443
2022-03-03 11:53:19,512 DEBUG: https://www.metacritic.com:443 "GET /music/everything-was-forever/sea-power HTTP/1.1" 200 23149
2022-03-03 11:53:19,527 INFO: https://www.metacritic.com/music/everything-was-forever/sea-power was requested successfully.
2022-03-03 11:53:19,624 WARNING: There was no number of user reviews found on https://www.metacritic.com/music/everything-was-forever/sea-power. Added an empty cell instead.
2022-03-03 11:53:19,632 DEBUG: Starting new HTTPS connection (1): www.metacritic.com:443
2022-03-03 11:53:19,855 DEBUG: https://www.metacritic.com:443 "GET /music/dream/alt-j HTTP/1.1" 200 26315
2022-03-03 11:53:19,874 INFO: https://www.metacritic.com/music/dream/alt-j was requested successfully.
2022-03-03 11:53:19,991 DEBUG: Starting new HTTPS connection (1): www.metacritic.com:443
2022-03-03 11:53:20,506 DEBUG: https://www.metacritic.com:443 "GET /music/b-flat-a/trupa-trupa HTTP/1.1" 200 23234
2022-03-03 11:53:20,523 INFO: https://www.metacritic.com/music/b-flat-a/trupa-trupa was requested successfully.
2022-03-03 11:53:20,620 WARNING: There was no number of user reviews found on https://www.metacritic.com/music/b-flat-a/trupa-trupa. Added an empty cell instead.
2022-03-03 11:53:20,629 DEBUG: Starting new HTTPS connection (1): www.metacritic.com:443
2022-03-03 11:53:20,852 DEBUG: https://www.metacritic.com:443 "GET /music/covers/cat-power HTTP/1.1" 200 24379
2022-03-03 11:53:20,936 INFO: https://www.metacritic.com/music/covers/cat-power was requested successfully.
2022-03-03 11:53:21,043 DEBUG: Starting new HTTPS connection (1): www.metacritic.com:443
2022-03-03 11:53:21,260 DEBUG: https://www.metacritic.com:443 "GET /music/heterosexuality/shamir HTTP/1.1" 200 23199
2022-03-03 11:53:21,275 INFO: https://www.metacritic.com/music/heterosexuality/shamir was requested successfully.
2022-03-03 11:53:21,370 WARNING: There was no number of user reviews found on https://www.metacritic.com/music/heterosexuality/shamir. Added an empty cell instead.
2022-03-03 11:53:21,378 WARNING: There was no Amazon link found on https://www.metacritic.com/music/heterosexuality/shamir. Added an empty cell instead.
2022-03-03 11:53:21,379 DEBUG: Starting new HTTPS connection (1): www.metacritic.com:443
2022-03-03 11:53:21,607 DEBUG: https://www.metacritic.com:443 "GET /music/earthling/eddie-vedder HTTP/1.1" 200 23329
2022-03-03 11:53:21,619 INFO: https://www.metacritic.com/music/earthling/eddie-vedder was requested successfully.
2022-03-03 11:53:21,724 DEBUG: Starting new HTTPS connection (1): www.metacritic.com:443
2022-03-03 11:53:21,938 DEBUG: https://www.metacritic.com:443 "GET /music/caroline/caroline HTTP/1.1" 200 23488
2022-03-03 11:53:21,950 INFO: https://www.metacritic.com/music/caroline/caroline was requested successfully.
2022-03-03 11:53:22,043 WARNING: There was no number of user reviews found on https://www.metacritic.com/music/caroline/caroline. Added an empty cell instead.
2022-03-03 11:53:22,051 DEBUG: Starting new HTTPS connection (1): www.metacritic.com:443
2022-03-03 11:53:22,275 DEBUG: https://www.metacritic.com:443 "GET /music/requiem/korn HTTP/1.1" 200 25836
2022-03-03 11:53:22,294 INFO: https://www.metacritic.com/music/requiem/korn was requested successfully.
2022-03-03 11:53:22,467 DEBUG: Starting new HTTPS connection (1): www.metacritic.com:443
2022-03-03 11:53:22,685 DEBUG: https://www.metacritic.com:443 "GET /music/time-skiffs/animal-collective HTTP/1.1" 200 26200
2022-03-03 11:53:22,704 INFO: https://www.metacritic.com/music/time-skiffs/animal-collective was requested successfully.
2022-03-03 11:53:22,821 DEBUG: Starting new HTTPS connection (1): www.metacritic.com:443
2022-03-03 11:53:23,048 DEBUG: https://www.metacritic.com:443 "GET /music/preyiv/alice-glass HTTP/1.1" 200 24344
2022-03-03 11:53:23,064 INFO: https://www.metacritic.com/music/preyiv/alice-glass was requested successfully.
2022-03-03 11:53:23,170 DEBUG: Starting new HTTPS connection (1): www.metacritic.com:443
2022-03-03 11:53:23,374 DEBUG: https://www.metacritic.com:443 "GET /music/three-dimensions-deep/amber-mark HTTP/1.1" 200 24861
2022-03-03 11:53:23,385 INFO: https://www.metacritic.com/music/three-dimensions-deep/amber-mark was requested successfully.
2022-03-03 11:53:23,498 WARNING: There was no Amazon link found on https://www.metacritic.com/music/three-dimensions-deep/amber-mark. Added an empty cell instead.
2022-03-03 11:53:23,499 DEBUG: Starting new HTTPS connection (1): www.metacritic.com:443
2022-03-03 11:53:23,736 DEBUG: https://www.metacritic.com:443 "GET /music/the-runner-original-soundtrack/boy-harsher HTTP/1.1" 200 23589
2022-03-03 11:53:23,752 INFO: https://www.metacritic.com/music/the-runner-original-soundtrack/boy-harsher was requested successfully.
2022-03-03 11:53:23,844 WARNING: There was no number of user reviews found on https://www.metacritic.com/music/the-runner-original-soundtrack/boy-harsher. Added an empty cell instead.
2022-03-03 11:53:23,852 DEBUG: Starting new HTTPS connection (1): www.metacritic.com:443
2022-03-03 11:53:24,065 DEBUG: https://www.metacritic.com:443 "GET /music/angel-in-realtime/gang-of-youths HTTP/1.1" 200 25519
2022-03-03 11:53:24,077 INFO: https://www.metacritic.com/music/angel-in-realtime/gang-of-youths was requested successfully.
2022-03-03 11:53:24,184 DEBUG: Starting new HTTPS connection (1): www.metacritic.com:443
2022-03-03 11:53:24,417 DEBUG: https://www.metacritic.com:443 "GET /music/good-morning-gorgeous/mary-j-blige HTTP/1.1" 200 23614
2022-03-03 11:53:24,433 INFO: https://www.metacritic.com/music/good-morning-gorgeous/mary-j-blige was requested successfully.
2022-03-03 11:53:24,537 DEBUG: Starting new HTTPS connection (1): www.metacritic.com:443
2022-03-03 11:53:24,751 DEBUG: https://www.metacritic.com:443 "GET /music/fragments/bonobo HTTP/1.1" 200 25570
2022-03-03 11:53:24,764 INFO: https://www.metacritic.com/music/fragments/bonobo was requested successfully.
2022-03-03 11:53:24,920 DEBUG: Starting new HTTPS connection (1): www.metacritic.com:443
2022-03-03 11:53:25,151 DEBUG: https://www.metacritic.com:443 "GET /music/let-the-festivities-begin!/los-bitchos HTTP/1.1" 200 23612
2022-03-03 11:53:25,167 INFO: https://www.metacritic.com/music/let-the-festivities-begin!/los-bitchos was requested successfully.
2022-03-03 11:53:25,274 WARNING: There was no number of user reviews found on https://www.metacritic.com/music/let-the-festivities-begin!/los-bitchos. Added an empty cell instead.
2022-03-03 11:53:25,282 DEBUG: Starting new HTTPS connection (1): www.metacritic.com:443
2022-03-03 11:53:25,497 DEBUG: https://www.metacritic.com:443 "GET /music/love-sux/avril-lavigne HTTP/1.1" 200 25761
2022-03-03 11:53:25,515 INFO: https://www.metacritic.com/music/love-sux/avril-lavigne was requested successfully.
2022-03-03 11:53:25,628 DEBUG: Starting new HTTPS connection (1): www.metacritic.com:443
2022-03-03 11:53:25,850 DEBUG: https://www.metacritic.com:443 "GET /music/archive-material/silverbacks HTTP/1.1" 200 24620
2022-03-03 11:53:25,863 INFO: https://www.metacritic.com/music/archive-material/silverbacks was requested successfully.
2022-03-03 11:53:25,968 WARNING: There was no number of user reviews found on https://www.metacritic.com/music/archive-material/silverbacks. Added an empty cell instead.
2022-03-03 11:53:25,975 DEBUG: Starting new HTTPS connection (1): www.metacritic.com:443
2022-03-03 11:53:26,187 DEBUG: https://www.metacritic.com:443 "GET /music/1111/pinegrove HTTP/1.1" 200 24145
2022-03-03 11:53:26,203 INFO: https://www.metacritic.com/music/1111/pinegrove was requested successfully.
2022-03-03 11:53:26,309 DEBUG: Starting new HTTPS connection (1): www.metacritic.com:443
2022-03-03 11:53:26,540 DEBUG: https://www.metacritic.com:443 "GET /music/give-me-the-future/bastille HTTP/1.1" 200 25353
2022-03-03 11:53:26,558 INFO: https://www.metacritic.com/music/give-me-the-future/bastille was requested successfully.
2022-03-03 11:53:26,669 DEBUG: Starting new HTTPS connection (1): www.metacritic.com:443
2022-03-03 11:53:27,182 DEBUG: https://www.metacritic.com:443 "GET /music/fix-yourself-not-the-world/the-wombats HTTP/1.1" 200 25200
2022-03-03 11:53:27,261 INFO: https://www.metacritic.com/music/fix-yourself-not-the-world/the-wombats was requested successfully.
2022-03-03 11:53:27,373 DEBUG: Starting new HTTPS connection (1): www.metacritic.com:443
2022-03-03 11:53:27,597 DEBUG: https://www.metacritic.com:443 "GET /music/small-world/metronomy HTTP/1.1" 200 24364
2022-03-03 11:53:27,614 INFO: https://www.metacritic.com/music/small-world/metronomy was requested successfully.
2022-03-03 11:53:27,768 DEBUG: Starting new HTTPS connection (1): www.metacritic.com:443
2022-03-03 11:53:28,062 DEBUG: https://www.metacritic.com:443 "GET /music/extreme-witchcraft/eels HTTP/1.1" 200 24340
2022-03-03 11:53:28,155 INFO: https://www.metacritic.com/music/extreme-witchcraft/eels was requested successfully.
2022-03-03 11:53:28,264 DEBUG: Starting new HTTPS connection (1): www.metacritic.com:443
2022-03-03 11:53:28,485 DEBUG: https://www.metacritic.com:443 "GET /music/night-call/years-years HTTP/1.1" 200 25752
2022-03-03 11:53:28,504 INFO: https://www.metacritic.com/music/night-call/years-years was requested successfully.
2022-03-03 11:53:28,618 DEBUG: Starting new HTTPS connection (1): www.metacritic.com:443
2022-03-03 11:53:28,849 DEBUG: https://www.metacritic.com:443 "GET /music/from-a-birds-eye-view/cordae HTTP/1.1" 200 26115
2022-03-03 11:53:28,868 INFO: https://www.metacritic.com/music/from-a-birds-eye-view/cordae was requested successfully.
2022-03-03 11:53:28,984 DEBUG: Starting new HTTPS connection (1): www.metacritic.com:443
2022-03-03 11:53:29,198 DEBUG: https://www.metacritic.com:443 "GET /music/change-the-show/miles-kane HTTP/1.1" 200 23904
2022-03-03 11:53:29,210 INFO: https://www.metacritic.com/music/change-the-show/miles-kane was requested successfully.
2022-03-03 11:53:29,316 DEBUG: Starting new HTTPS connection (1): www.metacritic.com:443
2022-03-03 11:53:29,906 DEBUG: https://www.metacritic.com:443 "GET /music/motordrome/m HTTP/1.1" 200 25753
2022-03-03 11:53:29,991 INFO: https://www.metacritic.com/music/motordrome/m was requested successfully.
2022-03-03 11:53:30,110 DEBUG: Starting new HTTPS connection (1): www.metacritic.com:443
2022-03-03 11:53:30,324 DEBUG: https://www.metacritic.com:443 "GET /music/the-alien-coast/st-paul-the-broken-bones HTTP/1.1" 200 23715
2022-03-03 11:53:30,340 INFO: https://www.metacritic.com/music/the-alien-coast/st-paul-the-broken-bones was requested successfully.
2022-03-03 11:53:30,430 WARNING: There was no number of user reviews found on https://www.metacritic.com/music/the-alien-coast/st-paul-the-broken-bones. Added an empty cell instead.
2022-03-03 11:53:30,446 INFO: CSV file was created. Initial information added.
